<?xml version="1.0" encoding="UTF-8"?>
<!-- Generated by org.testng.reporters.JUnitXMLReporter -->
<testsuite hostname="DESKTOP-A97EKAP" name="Test" tests="4" failures="1" timestamp="25 May 2020 10:00:20 GMT" time="36.623" errors="0">
  <testcase name="titleVerification" time="5.071" classname="Divy.Framework.HomePageTestCases"/>
  <testcase name="privacyLinkVerify" time="5.153" classname="Divy.Framework.HomePageTestCases"/>
  <testcase name="cookieCrossbtnVerify" time="5.301" classname="Divy.Framework.HomePageTestCases"/>
  <testcase name="flightBtnSelected" time="0.111" classname="Divy.Framework.HomePageTestCases">
    <failure type="java.lang.AssertionError" message="Flight button is not selected expected [true] but found [false]">
      <![CDATA[java.lang.AssertionError: Flight button is not selected expected [true] but found [false]
	at Divy.Framework.HomePageTestCases.flightBtnSelected(HomePageTestCases.java:65)
... Removed 31 stack frames]]>
    </failure>
  </testcase> <!-- flightBtnSelected -->
</testsuite> <!-- Test -->
