<?xml version="1.0" encoding="UTF-8"?>
<testng-results skipped="0" failed="1" ignored="0" total="4" passed="3">
  <reporter-output>
  </reporter-output>
  <suite name="Suite" duration-ms="77253" started-at="2020-05-19T09:25:00Z" finished-at="2020-05-19T09:26:18Z">
    <groups>
    </groups>
    <test name="FailTest" duration-ms="51125" started-at="2020-05-19T09:25:00Z" finished-at="2020-05-19T09:25:51Z">
      <class name="Academy.FailCase">
        <test-method status="PASS" signature="invokeBrowser()[pri:0, instance:Academy.FailCase@343570b7]" name="invokeBrowser" is-config="true" duration-ms="49871" started-at="2020-05-19T09:25:00Z" finished-at="2020-05-19T09:25:50Z">
          <reporter-output>
          </reporter-output>
        </test-method> <!-- invokeBrowser -->
        <test-method status="FAIL" signature="failvalidateTitle()[pri:0, instance:Academy.FailCase@343570b7]" name="failvalidateTitle" duration-ms="580" started-at="2020-05-19T09:25:50Z" finished-at="2020-05-19T09:25:51Z">
          <exception class="java.lang.AssertionError">
            <message>
              <![CDATA[expected [Feature fail title] but found [FEATURED COURSES]]]>
            </message>
            <full-stacktrace>
              <![CDATA[java.lang.AssertionError: expected [Feature fail title] but found [FEATURED COURSES]
at org.testng.Assert.fail(Assert.java:96)
at org.testng.Assert.failNotEquals(Assert.java:776)
at org.testng.Assert.assertEqualsImpl(Assert.java:137)
at org.testng.Assert.assertEquals(Assert.java:118)
at org.testng.Assert.assertEquals(Assert.java:453)
at org.testng.Assert.assertEquals(Assert.java:463)
at Academy.FailCase.failvalidateTitle(FailCase.java:31)
at sun.reflect.NativeMethodAccessorImpl.invoke0(Native Method)
at sun.reflect.NativeMethodAccessorImpl.invoke(Unknown Source)
at sun.reflect.DelegatingMethodAccessorImpl.invoke(Unknown Source)
at java.lang.reflect.Method.invoke(Unknown Source)
at org.testng.internal.MethodInvocationHelper.invokeMethod(MethodInvocationHelper.java:124)
at org.testng.internal.Invoker.invokeMethod(Invoker.java:583)
at org.testng.internal.Invoker.invokeTestMethod(Invoker.java:719)
at org.testng.internal.Invoker.invokeTestMethods(Invoker.java:989)
at org.testng.internal.TestMethodWorker.invokeTestMethods(TestMethodWorker.java:125)
at org.testng.internal.TestMethodWorker.run(TestMethodWorker.java:109)
at org.testng.TestRunner.privateRun(TestRunner.java:648)
at org.testng.TestRunner.run(TestRunner.java:505)
at org.testng.SuiteRunner.runTest(SuiteRunner.java:455)
at org.testng.SuiteRunner.access$000(SuiteRunner.java:40)
at org.testng.SuiteRunner$SuiteWorker.run(SuiteRunner.java:489)
at org.testng.internal.thread.ThreadUtil$1.call(ThreadUtil.java:52)
at java.util.concurrent.FutureTask.run(Unknown Source)
at java.util.concurrent.ThreadPoolExecutor.runWorker(Unknown Source)
at java.util.concurrent.ThreadPoolExecutor$Worker.run(Unknown Source)
at java.lang.Thread.run(Unknown Source)
]]>
            </full-stacktrace>
          </exception> <!-- java.lang.AssertionError -->
          <reporter-output>
          </reporter-output>
        </test-method> <!-- failvalidateTitle -->
        <test-method status="PASS" signature="teardown()[pri:0, instance:Academy.FailCase@343570b7]" name="teardown" is-config="true" duration-ms="105" started-at="2020-05-19T09:25:51Z" finished-at="2020-05-19T09:25:51Z">
          <reporter-output>
          </reporter-output>
        </test-method> <!-- teardown -->
      </class> <!-- Academy.FailCase -->
    </test> <!-- FailTest -->
    <test name="ValidateFeatureTitle" duration-ms="52706" started-at="2020-05-19T09:25:00Z" finished-at="2020-05-19T09:25:53Z">
      <class name="Academy.ValidateFeatureTitle">
        <test-method status="PASS" signature="invokeBrowser()[pri:0, instance:Academy.ValidateFeatureTitle@45ca843]" name="invokeBrowser" is-config="true" duration-ms="49879" started-at="2020-05-19T09:25:00Z" finished-at="2020-05-19T09:25:50Z">
          <reporter-output>
          </reporter-output>
        </test-method> <!-- invokeBrowser -->
        <test-method status="PASS" signature="validateTitle()[pri:0, instance:Academy.ValidateFeatureTitle@45ca843]" name="validateTitle" duration-ms="448" started-at="2020-05-19T09:25:50Z" finished-at="2020-05-19T09:25:51Z">
          <reporter-output>
          </reporter-output>
        </test-method> <!-- validateTitle -->
        <test-method status="PASS" signature="teardown()[pri:0, instance:Academy.ValidateFeatureTitle@45ca843]" name="teardown" is-config="true" duration-ms="2368" started-at="2020-05-19T09:25:51Z" finished-at="2020-05-19T09:25:53Z">
          <reporter-output>
          </reporter-output>
        </test-method> <!-- teardown -->
      </class> <!-- Academy.ValidateFeatureTitle -->
    </test> <!-- ValidateFeatureTitle -->
    <test name="HomePageTest" duration-ms="77253" started-at="2020-05-19T09:25:00Z" finished-at="2020-05-19T09:26:18Z">
      <class name="Academy.HomapageTest">
        <test-method status="PASS" signature="invokeBrowser()[pri:0, instance:Academy.HomapageTest@175b9425]" name="invokeBrowser" is-config="true" duration-ms="3660" started-at="2020-05-19T09:25:00Z" finished-at="2020-05-19T09:25:04Z">
          <reporter-output>
          </reporter-output>
        </test-method> <!-- invokeBrowser -->
        <test-method status="PASS" signature="closingNewsPopup(java.lang.String, java.lang.String)[pri:0, instance:Academy.HomapageTest@175b9425]" name="closingNewsPopup" duration-ms="63011" started-at="2020-05-19T09:25:04Z" data-provider="loginData" finished-at="2020-05-19T09:26:07Z">
          <params>
            <param index="0">
              <value>
                <![CDATA[FirstData@mail.com]]>
              </value>
            </param>
            <param index="1">
              <value>
                <![CDATA[123456]]>
              </value>
            </param>
          </params>
          <reporter-output>
          </reporter-output>
        </test-method> <!-- closingNewsPopup -->
        <test-method status="PASS" signature="closingNewsPopup(java.lang.String, java.lang.String)[pri:0, instance:Academy.HomapageTest@175b9425]" name="closingNewsPopup" duration-ms="10473" started-at="2020-05-19T09:26:07Z" data-provider="loginData" finished-at="2020-05-19T09:26:17Z">
          <params>
            <param index="0">
              <value>
                <![CDATA[SecondData@mail.com]]>
              </value>
            </param>
            <param index="1">
              <value>
                <![CDATA[123456]]>
              </value>
            </param>
          </params>
          <reporter-output>
          </reporter-output>
        </test-method> <!-- closingNewsPopup -->
        <test-method status="PASS" signature="teardown()[pri:0, instance:Academy.HomapageTest@175b9425]" name="teardown" is-config="true" duration-ms="70" started-at="2020-05-19T09:26:17Z" finished-at="2020-05-19T09:26:18Z">
          <reporter-output>
          </reporter-output>
        </test-method> <!-- teardown -->
      </class> <!-- Academy.HomapageTest -->
    </test> <!-- HomePageTest -->
  </suite> <!-- Suite -->
</testng-results>
