<?xml version="1.0" encoding="UTF-8"?>
<testng-results skipped="0" failed="1" total="4" passed="3">
  <reporter-output>
  </reporter-output>
  <suite name="Suite" duration-ms="36623" started-at="2020-05-25T09:59:43Z" finished-at="2020-05-25T10:00:20Z">
    <groups>
    </groups>
    <test name="Test" duration-ms="36623" started-at="2020-05-25T09:59:43Z" finished-at="2020-05-25T10:00:20Z">
      <class name="Divy.Framework.HomePageTestCases">
        <test-method status="PASS" signature="browserInit()[pri:0, instance:Divy.Framework.HomePageTestCases@61322f9d]" name="browserInit" is-config="true" duration-ms="17094" started-at="2020-05-25T15:29:43Z" finished-at="2020-05-25T15:30:00Z">
          <reporter-output>
          </reporter-output>
        </test-method> <!-- browserInit -->
        <test-method status="PASS" signature="titleVerification()[pri:0, instance:Divy.Framework.HomePageTestCases@61322f9d]" name="titleVerification" duration-ms="5071" started-at="2020-05-25T15:30:00Z" finished-at="2020-05-25T15:30:05Z">
          <reporter-output>
          </reporter-output>
        </test-method> <!-- titleVerification -->
        <test-method status="PASS" signature="privacyLinkVerify()[pri:0, instance:Divy.Framework.HomePageTestCases@61322f9d]" name="privacyLinkVerify" duration-ms="5153" started-at="2020-05-25T15:30:05Z" finished-at="2020-05-25T15:30:10Z">
          <reporter-output>
          </reporter-output>
        </test-method> <!-- privacyLinkVerify -->
        <test-method status="PASS" signature="cookieCrossbtnVerify()[pri:0, instance:Divy.Framework.HomePageTestCases@61322f9d]" name="cookieCrossbtnVerify" duration-ms="5301" started-at="2020-05-25T15:30:10Z" finished-at="2020-05-25T15:30:16Z">
          <reporter-output>
          </reporter-output>
        </test-method> <!-- cookieCrossbtnVerify -->
        <test-method status="FAIL" signature="flightBtnSelected()[pri:0, instance:Divy.Framework.HomePageTestCases@61322f9d]" name="flightBtnSelected" duration-ms="111" started-at="2020-05-25T15:30:16Z" finished-at="2020-05-25T15:30:16Z">
          <exception class="java.lang.AssertionError">
            <message>
              <![CDATA[Flight button is not selected expected [true] but found [false]]]>
            </message>
            <full-stacktrace>
              <![CDATA[java.lang.AssertionError: Flight button is not selected expected [true] but found [false]
	at org.testng.Assert.fail(Assert.java:94)
	at org.testng.Assert.failNotEquals(Assert.java:496)
	at org.testng.Assert.assertTrue(Assert.java:42)
	at Divy.Framework.HomePageTestCases.flightBtnSelected(HomePageTestCases.java:65)
	at sun.reflect.NativeMethodAccessorImpl.invoke0(Native Method)
	at sun.reflect.NativeMethodAccessorImpl.invoke(NativeMethodAccessorImpl.java:62)
	at sun.reflect.DelegatingMethodAccessorImpl.invoke(DelegatingMethodAccessorImpl.java:43)
	at java.lang.reflect.Method.invoke(Method.java:498)
	at org.testng.internal.MethodInvocationHelper.invokeMethod(MethodInvocationHelper.java:85)
	at org.testng.internal.Invoker.invokeMethod(Invoker.java:659)
	at org.testng.internal.Invoker.invokeTestMethod(Invoker.java:845)
	at org.testng.internal.Invoker.invokeTestMethods(Invoker.java:1153)
	at org.testng.internal.TestMethodWorker.invokeTestMethods(TestMethodWorker.java:125)
	at org.testng.internal.TestMethodWorker.run(TestMethodWorker.java:108)
	at org.testng.TestRunner.privateRun(TestRunner.java:771)
	at org.testng.TestRunner.run(TestRunner.java:621)
	at org.testng.SuiteRunner.runTest(SuiteRunner.java:357)
	at org.testng.SuiteRunner.runSequentially(SuiteRunner.java:352)
	at org.testng.SuiteRunner.privateRun(SuiteRunner.java:310)
	at org.testng.SuiteRunner.run(SuiteRunner.java:259)
	at org.testng.SuiteRunnerWorker.runSuite(SuiteRunnerWorker.java:52)
	at org.testng.SuiteRunnerWorker.run(SuiteRunnerWorker.java:86)
	at org.testng.TestNG.runSuitesSequentially(TestNG.java:1199)
	at org.testng.TestNG.runSuitesLocally(TestNG.java:1124)
	at org.testng.TestNG.run(TestNG.java:1032)
	at org.apache.maven.surefire.testng.TestNGExecutor.run(TestNGExecutor.java:283)
	at org.apache.maven.surefire.testng.TestNGXmlTestSuite.execute(TestNGXmlTestSuite.java:75)
	at org.apache.maven.surefire.testng.TestNGProvider.invoke(TestNGProvider.java:120)
	at org.apache.maven.surefire.booter.ForkedBooter.runSuitesInProcess(ForkedBooter.java:377)
	at org.apache.maven.surefire.booter.ForkedBooter.execute(ForkedBooter.java:138)
	at org.apache.maven.surefire.booter.ForkedBooter.run(ForkedBooter.java:465)
	at org.apache.maven.surefire.booter.ForkedBooter.main(ForkedBooter.java:451)
]]>
            </full-stacktrace>
          </exception> <!-- java.lang.AssertionError -->
          <reporter-output>
          </reporter-output>
        </test-method> <!-- flightBtnSelected -->
        <test-method status="PASS" signature="teardown()[pri:0, instance:Divy.Framework.HomePageTestCases@61322f9d]" name="teardown" is-config="true" duration-ms="2321" started-at="2020-05-25T15:30:17Z" finished-at="2020-05-25T15:30:20Z">
          <reporter-output>
          </reporter-output>
        </test-method> <!-- teardown -->
      </class> <!-- Divy.Framework.HomePageTestCases -->
    </test> <!-- Test -->
  </suite> <!-- Suite -->
</testng-results>
